2018-03-28 16:17:55,113 [ModalContext] INFO  a.bnd.build.LoggingProgressPlugin - Download https://raw.githubusercontent.com/GridOptics/GOSS/master/cnf/releaserepo/index.xml
2018-03-28 16:17:56,339 [ModalContext] INFO  a.bnd.build.LoggingProgressPlugin - Download https://raw.githubusercontent.com/GRIDAPPSD/Powergrid-Models/master/cnf/release/index.xml
2018-03-28 16:17:56,472 [ModalContext] INFO  a.bnd.build.LoggingProgressPlugin - Download https://raw.githubusercontent.com/bndtools/bundle-hub/master/index.xml.gz
2018-03-28 16:18:01,926 [Worker-7] INFO  a.bnd.build.LoggingProgressPlugin - Download https://raw.githubusercontent.com/GridOptics/GOSS/master/cnf/releaserepo/index.xml
2018-03-28 16:18:03,139 [Worker-7] INFO  a.bnd.build.LoggingProgressPlugin - Download https://raw.githubusercontent.com/GRIDAPPSD/Powergrid-Models/master/cnf/release/index.xml
2018-03-28 16:18:03,341 [Worker-7] INFO  a.bnd.build.LoggingProgressPlugin - Download https://raw.githubusercontent.com/bndtools/bundle-hub/master/index.xml.gz
2018-03-28 16:18:16,726 [main] INFO  a.bnd.build.LoggingProgressPlugin - Download https://raw.githubusercontent.com/GridOptics/GOSS/master/cnf/releaserepo/index.xml
2018-03-28 16:18:17,009 [main] INFO  a.bnd.build.LoggingProgressPlugin - Download https://raw.githubusercontent.com/GRIDAPPSD/Powergrid-Models/master/cnf/release/index.xml
2018-03-28 16:18:17,112 [main] INFO  a.bnd.build.LoggingProgressPlugin - Download https://raw.githubusercontent.com/bndtools/bundle-hub/master/index.xml.gz
2018-03-28 16:18:22,574 [main] INFO  a.bnd.build.LoggingProgressPlugin - Download https://raw.githubusercontent.com/GridOptics/GOSS/master/cnf/releaserepo/index.xml
2018-03-28 16:18:22,869 [main] INFO  a.bnd.build.LoggingProgressPlugin - Download https://raw.githubusercontent.com/GRIDAPPSD/Powergrid-Models/master/cnf/release/index.xml
2018-03-28 16:18:22,968 [main] INFO  a.bnd.build.LoggingProgressPlugin - Download https://raw.githubusercontent.com/bndtools/bundle-hub/master/index.xml.gz
2018-03-28 16:23:06,254 [Worker-1] INFO  a.bnd.build.LoggingProgressPlugin - Download https://raw.githubusercontent.com/GridOptics/GOSS/master/cnf/releaserepo/index.xml
2018-03-28 16:23:06,881 [Worker-1] INFO  a.bnd.build.LoggingProgressPlugin - Download https://raw.githubusercontent.com/GRIDAPPSD/Powergrid-Models/master/cnf/release/index.xml
2018-03-28 16:23:07,016 [Worker-1] INFO  a.bnd.build.LoggingProgressPlugin - Download https://raw.githubusercontent.com/bndtools/bundle-hub/master/index.xml.gz
2018-03-28 16:23:14,489 [Worker-0] INFO  a.bnd.build.LoggingProgressPlugin - Download https://raw.githubusercontent.com/GridOptics/GOSS/master/cnf/releaserepo/index.xml
2018-03-28 16:23:14,761 [Worker-0] INFO  a.bnd.build.LoggingProgressPlugin - Download https://raw.githubusercontent.com/GRIDAPPSD/Powergrid-Models/master/cnf/release/index.xml
2018-03-28 16:23:14,857 [Worker-0] INFO  a.bnd.build.LoggingProgressPlugin - Download https://raw.githubusercontent.com/bndtools/bundle-hub/master/index.xml.gz
2018-03-29 13:23:46,569 [Worker-3] INFO  a.bnd.build.LoggingProgressPlugin - Download https://raw.githubusercontent.com/GridOptics/GOSS/master/cnf/releaserepo/index.xml
2018-03-29 13:23:48,511 [Worker-3] INFO  a.bnd.build.LoggingProgressPlugin - Download https://raw.githubusercontent.com/GRIDAPPSD/Powergrid-Models/master/cnf/release/index.xml
2018-03-29 13:23:48,706 [Worker-3] INFO  a.bnd.build.LoggingProgressPlugin - Download https://raw.githubusercontent.com/bndtools/bundle-hub/master/index.xml.gz
2018-03-29 13:23:51,234 [Worker-3] INFO  a.bnd.build.LoggingProgressPlugin - Download https://raw.githubusercontent.com/GridOptics/GOSS/master/cnf/releaserepo/index.xml
2018-03-29 13:23:51,349 [Worker-3] INFO  a.bnd.build.LoggingProgressPlugin - Download https://raw.githubusercontent.com/GRIDAPPSD/Powergrid-Models/master/cnf/release/index.xml
2018-03-29 13:23:51,501 [Worker-3] INFO  a.bnd.build.LoggingProgressPlugin - Download https://raw.githubusercontent.com/bndtools/bundle-hub/master/index.xml.gz
2018-03-29 13:25:53,725 [Worker-5] INFO  a.bnd.build.LoggingProgressPlugin - Download https://raw.githubusercontent.com/GridOptics/GOSS/master/cnf/releaserepo/index.xml
2018-03-29 13:25:54,382 [Worker-5] INFO  a.bnd.build.LoggingProgressPlugin - Download https://raw.githubusercontent.com/GRIDAPPSD/Powergrid-Models/master/cnf/release/index.xml
2018-03-29 13:25:54,493 [Worker-5] INFO  a.bnd.build.LoggingProgressPlugin - Download https://raw.githubusercontent.com/bndtools/bundle-hub/master/index.xml.gz
2018-03-29 13:35:15,963 [Worker-9] INFO  a.bnd.build.LoggingProgressPlugin - Download https://raw.githubusercontent.com/GridOptics/GOSS/master/cnf/releaserepo/index.xml
2018-03-29 13:35:16,633 [Worker-9] INFO  a.bnd.build.LoggingProgressPlugin - Download https://raw.githubusercontent.com/GRIDAPPSD/Powergrid-Models/master/cnf/release/index.xml
2018-03-29 13:35:16,822 [Worker-9] INFO  a.bnd.build.LoggingProgressPlugin - Download https://raw.githubusercontent.com/bndtools/bundle-hub/master/index.xml.gz
2018-03-29 13:35:38,179 [Worker-10] INFO  a.bnd.build.LoggingProgressPlugin - Download https://raw.githubusercontent.com/GridOptics/GOSS/master/cnf/releaserepo/index.xml
2018-03-29 13:35:38,503 [Worker-10] INFO  a.bnd.build.LoggingProgressPlugin - Download https://raw.githubusercontent.com/GRIDAPPSD/Powergrid-Models/master/cnf/release/index.xml
2018-03-29 13:35:38,618 [Worker-10] INFO  a.bnd.build.LoggingProgressPlugin - Download https://raw.githubusercontent.com/bndtools/bundle-hub/master/index.xml.gz
2018-03-29 13:35:47,157 [Worker-14] INFO  a.bnd.build.LoggingProgressPlugin - Download https://raw.githubusercontent.com/GridOptics/GOSS/master/cnf/releaserepo/index.xml
2018-03-29 13:35:47,981 [Worker-14] INFO  a.bnd.build.LoggingProgressPlugin - Download https://raw.githubusercontent.com/GRIDAPPSD/Powergrid-Models/master/cnf/release/index.xml
2018-03-29 13:35:48,108 [Worker-14] INFO  a.bnd.build.LoggingProgressPlugin - Download https://raw.githubusercontent.com/bndtools/bundle-hub/master/index.xml.gz
2018-03-29 14:12:42,960 [Worker-35] INFO  a.bnd.build.LoggingProgressPlugin - Download https://raw.githubusercontent.com/GridOptics/GOSS/master/cnf/releaserepo/index.xml
2018-03-29 14:12:43,350 [Worker-35] INFO  a.bnd.build.LoggingProgressPlugin - Download https://raw.githubusercontent.com/GRIDAPPSD/Powergrid-Models/master/cnf/release/index.xml
2018-03-29 14:12:43,469 [Worker-35] INFO  a.bnd.build.LoggingProgressPlugin - Download https://raw.githubusercontent.com/bndtools/bundle-hub/master/index.xml.gz
2018-03-29 14:12:59,390 [Worker-33] INFO  a.bnd.build.LoggingProgressPlugin - Download https://raw.githubusercontent.com/GridOptics/GOSS/master/cnf/releaserepo/index.xml
2018-03-29 14:12:59,687 [Worker-33] INFO  a.bnd.build.LoggingProgressPlugin - Download https://raw.githubusercontent.com/GRIDAPPSD/Powergrid-Models/master/cnf/release/index.xml
2018-03-29 14:12:59,803 [Worker-33] INFO  a.bnd.build.LoggingProgressPlugin - Download https://raw.githubusercontent.com/bndtools/bundle-hub/master/index.xml.gz
2018-03-29 15:27:18,199 [Worker-61] INFO  a.bnd.build.LoggingProgressPlugin - Download https://raw.githubusercontent.com/GridOptics/GOSS/master/cnf/releaserepo/index.xml
2018-03-29 15:27:18,855 [Worker-61] INFO  a.bnd.build.LoggingProgressPlugin - Download https://raw.githubusercontent.com/GRIDAPPSD/Powergrid-Models/master/cnf/release/index.xml
2018-03-29 15:27:18,960 [Worker-61] INFO  a.bnd.build.LoggingProgressPlugin - Download https://github.com/poorva1209/GOSS-Repository/raw/master/dependencies/index.xml.gz
2018-03-29 15:27:19,305 [Worker-61] INFO  a.bnd.build.LoggingProgressPlugin - Download https://raw.githubusercontent.com/poorva1209/GOSS-Repository/master/dependencies/index.xml.gz
2018-03-29 15:27:19,631 [Worker-61] INFO  a.bnd.build.LoggingProgressPlugin - Download https://raw.githubusercontent.com/bndtools/bundle-hub/master/index.xml.gz
2018-03-29 15:27:19,814 [Worker-61] INFO  a.bnd.build.LoggingProgressPlugin - Download https://github.com/poorva1209/GOSS-Repository/raw/master/dependencies/org.apache.activemq.activemq-osgi/org.apache.activemq.activemq-osgi-5.11.1.jar
2018-03-29 15:27:20,123 [Worker-61] INFO  a.bnd.build.LoggingProgressPlugin - Download https://raw.githubusercontent.com/poorva1209/GOSS-Repository/master/dependencies/org.apache.activemq.activemq-osgi/org.apache.activemq.activemq-osgi-5.11.1.jar
2018-03-29 15:27:24,509 [Worker-61] INFO  a.bnd.build.LoggingProgressPlugin - Download https://github.com/poorva1209/GOSS-Repository/raw/master/dependencies/org.apache.activemq.shiro/org.apache.activemq.shiro-5.11.1.jar
2018-03-29 15:27:24,822 [Worker-61] INFO  a.bnd.build.LoggingProgressPlugin - Download https://raw.githubusercontent.com/poorva1209/GOSS-Repository/master/dependencies/org.apache.activemq.shiro/org.apache.activemq.shiro-5.11.1.jar
2018-03-29 15:27:25,074 [Worker-61] INFO  a.bnd.build.LoggingProgressPlugin - Download https://github.com/poorva1209/GOSS-Repository/raw/master/dependencies/org.apache.activemq.activemq-blueprint/org.apache.activemq.activemq-blueprint-5.10.1.jar
2018-03-29 15:27:25,368 [Worker-61] INFO  a.bnd.build.LoggingProgressPlugin - Download https://raw.githubusercontent.com/poorva1209/GOSS-Repository/master/dependencies/org.apache.activemq.activemq-blueprint/org.apache.activemq.activemq-blueprint-5.10.1.jar
2018-03-29 15:27:25,572 [Worker-61] INFO  a.bnd.build.LoggingProgressPlugin - Download https://github.com/poorva1209/GOSS-Repository/raw/master/dependencies/javax.jms-api/javax.jms-api-2.0.0.jar
2018-03-29 15:27:25,893 [Worker-61] INFO  a.bnd.build.LoggingProgressPlugin - Download https://raw.githubusercontent.com/poorva1209/GOSS-Repository/master/dependencies/javax.jms-api/javax.jms-api-2.0.0.jar
2018-03-29 15:27:26,120 [Worker-61] INFO  a.bnd.build.LoggingProgressPlugin - Download https://github.com/poorva1209/GOSS-Repository/raw/master/dependencies/com.fasterxml.jackson.jaxrs.jackson-annotations/jackson-annotations-2.6.3.jar
2018-03-29 15:27:26,447 [Worker-61] INFO  a.bnd.build.LoggingProgressPlugin - Download https://raw.githubusercontent.com/poorva1209/GOSS-Repository/master/dependencies/com.fasterxml.jackson.jaxrs.jackson-annotations/jackson-annotations-2.6.3.jar
2018-03-29 15:27:26,832 [Worker-61] INFO  a.bnd.build.LoggingProgressPlugin - Download https://github.com/poorva1209/GOSS-Repository/raw/master/dependencies/com.fasterxml.jackson.core.jackson-core/jackson-core-2.6.3.jar
2018-03-29 15:27:27,146 [Worker-61] INFO  a.bnd.build.LoggingProgressPlugin - Download https://raw.githubusercontent.com/poorva1209/GOSS-Repository/master/dependencies/com.fasterxml.jackson.core.jackson-core/jackson-core-2.6.3.jar
2018-03-29 15:27:27,411 [Worker-61] INFO  a.bnd.build.LoggingProgressPlugin - Download https://github.com/poorva1209/GOSS-Repository/raw/master/dependencies/com.fasterxml.jackson.core.jackson-databind/jackson-databind-2.6.3.jar
2018-03-29 15:27:27,789 [Worker-61] INFO  a.bnd.build.LoggingProgressPlugin - Download https://raw.githubusercontent.com/poorva1209/GOSS-Repository/master/dependencies/com.fasterxml.jackson.core.jackson-databind/jackson-databind-2.6.3.jar
2018-03-29 15:27:28,386 [Worker-61] INFO  a.bnd.build.LoggingProgressPlugin - Download https://github.com/poorva1209/GOSS-Repository/raw/master/dependencies/com.fasterxml.jackson.jaxrs.jackson-jaxrs-base/jackson-jaxrs-base-2.6.3.jar
2018-03-29 15:27:28,712 [Worker-61] INFO  a.bnd.build.LoggingProgressPlugin - Download https://raw.githubusercontent.com/poorva1209/GOSS-Repository/master/dependencies/com.fasterxml.jackson.jaxrs.jackson-jaxrs-base/jackson-jaxrs-base-2.6.3.jar
2018-03-29 15:27:28,934 [Worker-61] INFO  a.bnd.build.LoggingProgressPlugin - Download https://github.com/poorva1209/GOSS-Repository/raw/master/dependencies/com.fasterxml.jackson.jaxrs.jackson-jaxrs-json-provider/jackson-jaxrs-json-provider-2.6.3.jar
2018-03-29 15:27:29,228 [Worker-61] INFO  a.bnd.build.LoggingProgressPlugin - Download https://raw.githubusercontent.com/poorva1209/GOSS-Repository/master/dependencies/com.fasterxml.jackson.jaxrs.jackson-jaxrs-json-provider/jackson-jaxrs-json-provider-2.6.3.jar
2018-03-29 15:27:29,496 [Worker-61] INFO  a.bnd.build.LoggingProgressPlugin - Download https://github.com/poorva1209/GOSS-Repository/raw/master/dependencies/org.supercsv/super-csv-2.4.1-SNAPSHOT.jar
2018-03-29 15:27:29,770 [Worker-61] INFO  a.bnd.build.LoggingProgressPlugin - Download https://raw.githubusercontent.com/poorva1209/GOSS-Repository/master/dependencies/org.supercsv/super-csv-2.4.1-SNAPSHOT.jar
2018-03-29 15:27:30,108 [Worker-61] INFO  a.bnd.build.LoggingProgressPlugin - Download https://github.com/poorva1209/GOSS-Repository/raw/master/dependencies/javax.ws.rs/javax.ws.rs-api-2.0.1.jar
2018-03-29 15:27:30,405 [Worker-61] INFO  a.bnd.build.LoggingProgressPlugin - Download https://raw.githubusercontent.com/poorva1209/GOSS-Repository/master/dependencies/javax.ws.rs/javax.ws.rs-api-2.0.1.jar
2018-03-29 15:48:48,171 [Worker-1] INFO  a.bnd.build.LoggingProgressPlugin - Download https://raw.githubusercontent.com/GridOptics/GOSS/master/cnf/releaserepo/index.xml
2018-03-29 15:48:49,715 [Worker-1] INFO  a.bnd.build.LoggingProgressPlugin - Download https://raw.githubusercontent.com/GRIDAPPSD/Powergrid-Models/master/cnf/release/index.xml
2018-03-29 15:48:49,905 [Worker-1] INFO  a.bnd.build.LoggingProgressPlugin - Download https://github.com/poorva1209/GOSS-Repository/raw/master/dependencies/index.xml.gz
2018-03-29 15:48:50,349 [Worker-1] INFO  a.bnd.build.LoggingProgressPlugin - Download https://raw.githubusercontent.com/poorva1209/GOSS-Repository/master/dependencies/index.xml.gz
2018-03-29 15:48:50,741 [Worker-1] INFO  a.bnd.build.LoggingProgressPlugin - Download https://raw.githubusercontent.com/bndtools/bundle-hub/master/index.xml.gz
2018-03-29 15:48:52,130 [Worker-1] INFO  a.bnd.build.LoggingProgressPlugin - Download https://raw.githubusercontent.com/GridOptics/GOSS/master/cnf/releaserepo/index.xml
2018-03-29 15:48:52,252 [Worker-1] INFO  a.bnd.build.LoggingProgressPlugin - Download https://raw.githubusercontent.com/GRIDAPPSD/Powergrid-Models/master/cnf/release/index.xml
2018-03-29 15:48:52,351 [Worker-1] INFO  a.bnd.build.LoggingProgressPlugin - Download https://github.com/poorva1209/GOSS-Repository/raw/master/dependencies/index.xml.gz
2018-03-29 15:48:52,644 [Worker-1] INFO  a.bnd.build.LoggingProgressPlugin - Download https://raw.githubusercontent.com/poorva1209/GOSS-Repository/master/dependencies/index.xml.gz
2018-03-29 15:48:52,883 [Worker-1] INFO  a.bnd.build.LoggingProgressPlugin - Download https://raw.githubusercontent.com/bndtools/bundle-hub/master/index.xml.gz
